<?xml version="1.0" encoding="UTF-8"?>
<!-- Generated by org.testng.reporters.JUnitReportReporter -->
<testsuite hostname="LAPTOP-T7U78EHF" failures="0" tests="1" name="scripts.Demo" time="6.032" errors="0" timestamp="2021-12-24T23:09:53 IST" skipped="0">
  <testcase classname="scripts.Demo" name="testA" time="6.032"/>
  <system-out/>
</testsuite> <!-- scripts.Demo -->
